2023-09-16T01:10:05.608+04:00  INFO 13840 --- [main] c.vtortsev.quizapp.QuizappApplication    : Starting QuizappApplication using Java 20.0.2 with PID 13840 (C:\Users\Кирилл\Desktop\quizapp\target\classes started by Кирилл in C:\Users\Кирилл\Desktop\quizapp)
2023-09-16T01:10:05.620+04:00  INFO 13840 --- [main] c.vtortsev.quizapp.QuizappApplication    : No active profile set, falling back to 1 default profile: "default"
2023-09-16T01:10:06.508+04:00  INFO 13840 --- [main] .s.d.r.c.RepositoryConfigurationDelegate : Bootstrapping Spring Data JPA repositories in DEFAULT mode.
2023-09-16T01:10:06.619+04:00  INFO 13840 --- [main] .s.d.r.c.RepositoryConfigurationDelegate : Finished Spring Data repository scanning in 94 ms. Found 3 JPA repository interfaces.
2023-09-16T01:10:07.338+04:00  INFO 13840 --- [main] o.s.b.w.embedded.tomcat.TomcatWebServer  : Tomcat initialized with port(s): 9090 (http)
2023-09-16T01:10:07.348+04:00  INFO 13840 --- [main] o.apache.catalina.core.StandardService   : Starting service [Tomcat]
2023-09-16T01:10:07.349+04:00  INFO 13840 --- [main] o.apache.catalina.core.StandardEngine    : Starting Servlet engine: [Apache Tomcat/10.1.12]
2023-09-16T01:10:07.446+04:00  INFO 13840 --- [main] o.a.c.c.C.[Tomcat].[localhost].[/]       : Initializing Spring embedded WebApplicationContext
2023-09-16T01:10:07.446+04:00  INFO 13840 --- [main] w.s.c.ServletWebServerApplicationContext : Root WebApplicationContext: initialization completed in 1728 ms
2023-09-16T01:10:07.648+04:00  INFO 13840 --- [main] o.hibernate.jpa.internal.util.LogHelper  : HHH000204: Processing PersistenceUnitInfo [name: default]
2023-09-16T01:10:07.757+04:00  INFO 13840 --- [main] org.hibernate.Version                    : HHH000412: Hibernate ORM core version 6.2.7.Final
2023-09-16T01:10:07.761+04:00  INFO 13840 --- [main] org.hibernate.cfg.Environment            : HHH000406: Using bytecode reflection optimizer
2023-09-16T01:10:07.947+04:00  INFO 13840 --- [main] o.h.b.i.BytecodeProviderInitiator        : HHH000021: Bytecode provider name : bytebuddy
2023-09-16T01:10:08.094+04:00  INFO 13840 --- [main] o.s.o.j.p.SpringPersistenceUnitInfo      : No LoadTimeWeaver setup: ignoring JPA class transformer
2023-09-16T01:10:08.114+04:00  INFO 13840 --- [main] com.zaxxer.hikari.HikariDataSource       : HikariPool-1 - Starting...
2023-09-16T01:10:08.458+04:00  INFO 13840 --- [main] com.zaxxer.hikari.pool.HikariPool        : HikariPool-1 - Added connection org.postgresql.jdbc.PgConnection@2a99ca99
2023-09-16T01:10:08.460+04:00  INFO 13840 --- [main] com.zaxxer.hikari.HikariDataSource       : HikariPool-1 - Start completed.
2023-09-16T01:10:08.860+04:00  INFO 13840 --- [main] o.h.b.i.BytecodeProviderInitiator        : HHH000021: Bytecode provider name : bytebuddy
2023-09-16T01:10:09.564+04:00  INFO 13840 --- [main] o.h.e.t.j.p.i.JtaPlatformInitiator       : HHH000490: Using JtaPlatform implementation: [org.hibernate.engine.transaction.jta.platform.internal.NoJtaPlatform]
2023-09-16T01:10:09.678+04:00  INFO 13840 --- [main] j.LocalContainerEntityManagerFactoryBean : Initialized JPA EntityManagerFactory for persistence unit 'default'
2023-09-16T01:10:10.614+04:00  INFO 13840 --- [main] o.s.b.w.embedded.tomcat.TomcatWebServer  : Tomcat started on port(s): 9090 (http) with context path ''
2023-09-16T01:10:10.622+04:00  INFO 13840 --- [main] c.vtortsev.quizapp.QuizappApplication    : Started QuizappApplication in 5.707 seconds (process running for 6.333)
2023-09-16T01:10:15.808+04:00  INFO 13840 --- [SpringApplicationShutdownHook] j.LocalContainerEntityManagerFactoryBean : Closing JPA EntityManagerFactory for persistence unit 'default'
2023-09-16T01:10:15.810+04:00  INFO 13840 --- [SpringApplicationShutdownHook] com.zaxxer.hikari.HikariDataSource       : HikariPool-1 - Shutdown initiated...
2023-09-16T01:10:15.814+04:00  INFO 13840 --- [SpringApplicationShutdownHook] com.zaxxer.hikari.HikariDataSource       : HikariPool-1 - Shutdown completed.
